mode: atomic
github.com/d0ugal/slzb-exporter/cmd/main.go:20.13,28.17 5 0
github.com/d0ugal/slzb-exporter/cmd/main.go:28.17,35.3 6 0
github.com/d0ugal/slzb-exporter/cmd/main.go:38.2,39.16 2 0
github.com/d0ugal/slzb-exporter/cmd/main.go:39.16,42.3 2 0
github.com/d0ugal/slzb-exporter/cmd/main.go:45.2,70.12 12 0
github.com/d0ugal/slzb-exporter/cmd/main.go:70.12,75.40 4 0
github.com/d0ugal/slzb-exporter/cmd/main.go:75.40,77.4 1 0
github.com/d0ugal/slzb-exporter/cmd/main.go:81.2,81.36 1 0
github.com/d0ugal/slzb-exporter/cmd/main.go:81.36,84.3 2 0
github.com/d0ugal/slzb-exporter/internal/server/server.go:22.73,29.2 2 0
github.com/d0ugal/slzb-exporter/internal/server/server.go:31.69,224.49 4 0
github.com/d0ugal/slzb-exporter/internal/server/server.go:224.49,226.3 1 0
github.com/d0ugal/slzb-exporter/internal/server/server.go:229.71,241.53 4 0
github.com/d0ugal/slzb-exporter/internal/server/server.go:241.53,243.3 1 0
github.com/d0ugal/slzb-exporter/internal/server/server.go:246.32,263.2 8 0
github.com/d0ugal/slzb-exporter/internal/server/server.go:265.35,272.2 4 0
github.com/d0ugal/slzb-exporter/internal/logging/logging.go:9.36,11.19 2 0
github.com/d0ugal/slzb-exporter/internal/logging/logging.go:12.15,13.26 1 0
github.com/d0ugal/slzb-exporter/internal/logging/logging.go:14.14,15.25 1 0
github.com/d0ugal/slzb-exporter/internal/logging/logging.go:16.14,17.25 1 0
github.com/d0ugal/slzb-exporter/internal/logging/logging.go:18.15,19.26 1 0
github.com/d0ugal/slzb-exporter/internal/logging/logging.go:20.10,21.25 1 0
github.com/d0ugal/slzb-exporter/internal/logging/logging.go:24.2,25.26 2 0
github.com/d0ugal/slzb-exporter/internal/logging/logging.go:25.26,29.3 1 0
github.com/d0ugal/slzb-exporter/internal/logging/logging.go:29.8,33.3 1 0
github.com/d0ugal/slzb-exporter/internal/logging/logging.go:35.2,35.36 1 0
github.com/d0ugal/slzb-exporter/internal/version/version.go:23.17,30.2 1 0
github.com/d0ugal/slzb-exporter/internal/collectors/slzb_collector.go:28.93,41.2 2 0
github.com/d0ugal/slzb-exporter/internal/collectors/slzb_collector.go:44.43,46.42 1 0
github.com/d0ugal/slzb-exporter/internal/collectors/slzb_collector.go:46.42,48.3 1 0
github.com/d0ugal/slzb-exporter/internal/collectors/slzb_collector.go:48.8,48.50 1 0
github.com/d0ugal/slzb-exporter/internal/collectors/slzb_collector.go:48.50,50.3 1 0
github.com/d0ugal/slzb-exporter/internal/collectors/slzb_collector.go:53.2,53.50 1 0
github.com/d0ugal/slzb-exporter/internal/collectors/slzb_collector.go:53.50,55.3 1 0
github.com/d0ugal/slzb-exporter/internal/collectors/slzb_collector.go:58.2,58.15 1 0
github.com/d0ugal/slzb-exporter/internal/collectors/slzb_collector.go:62.53,64.2 1 0
github.com/d0ugal/slzb-exporter/internal/collectors/slzb_collector.go:67.59,74.6 4 0
github.com/d0ugal/slzb-exporter/internal/collectors/slzb_collector.go:74.6,75.10 1 0
github.com/d0ugal/slzb-exporter/internal/collectors/slzb_collector.go:76.21,78.10 2 0
github.com/d0ugal/slzb-exporter/internal/collectors/slzb_collector.go:79.19,80.23 1 0
github.com/d0ugal/slzb-exporter/internal/collectors/slzb_collector.go:86.43,93.15 5 0
github.com/d0ugal/slzb-exporter/internal/collectors/slzb_collector.go:93.15,95.32 1 0
github.com/d0ugal/slzb-exporter/internal/collectors/slzb_collector.go:95.32,97.4 1 0
github.com/d0ugal/slzb-exporter/internal/collectors/slzb_collector.go:100.3,104.44 1 0
github.com/d0ugal/slzb-exporter/internal/collectors/slzb_collector.go:108.2,108.36 1 0
github.com/d0ugal/slzb-exporter/internal/collectors/slzb_collector.go:108.36,112.3 3 0
github.com/d0ugal/slzb-exporter/internal/collectors/slzb_collector.go:112.8,118.3 5 0
github.com/d0ugal/slzb-exporter/internal/collectors/slzb_collector.go:119.2,122.36 2 0
github.com/d0ugal/slzb-exporter/internal/collectors/slzb_collector.go:122.36,124.3 1 0
github.com/d0ugal/slzb-exporter/internal/collectors/slzb_collector.go:125.2,128.36 2 0
github.com/d0ugal/slzb-exporter/internal/collectors/slzb_collector.go:133.68,136.16 2 0
github.com/d0ugal/slzb-exporter/internal/collectors/slzb_collector.go:136.16,140.3 3 0
github.com/d0ugal/slzb-exporter/internal/collectors/slzb_collector.go:141.2,141.15 1 0
github.com/d0ugal/slzb-exporter/internal/collectors/slzb_collector.go:141.15,142.43 1 0
github.com/d0ugal/slzb-exporter/internal/collectors/slzb_collector.go:142.43,144.4 1 0
github.com/d0ugal/slzb-exporter/internal/collectors/slzb_collector.go:147.2,149.38 2 0
github.com/d0ugal/slzb-exporter/internal/collectors/slzb_collector.go:149.38,153.3 3 0
github.com/d0ugal/slzb-exporter/internal/collectors/slzb_collector.go:156.2,157.25 2 0
github.com/d0ugal/slzb-exporter/internal/collectors/slzb_collector.go:157.25,159.76 2 0
github.com/d0ugal/slzb-exporter/internal/collectors/slzb_collector.go:159.76,162.4 2 0
github.com/d0ugal/slzb-exporter/internal/collectors/slzb_collector.go:162.9,167.51 2 0
github.com/d0ugal/slzb-exporter/internal/collectors/slzb_collector.go:167.51,168.65 1 0
github.com/d0ugal/slzb-exporter/internal/collectors/slzb_collector.go:168.65,170.6 1 0
github.com/d0ugal/slzb-exporter/internal/collectors/slzb_collector.go:173.4,173.49 1 0
github.com/d0ugal/slzb-exporter/internal/collectors/slzb_collector.go:173.49,175.70 1 0
github.com/d0ugal/slzb-exporter/internal/collectors/slzb_collector.go:175.70,177.6 1 0
github.com/d0ugal/slzb-exporter/internal/collectors/slzb_collector.go:180.4,180.64 1 0
github.com/d0ugal/slzb-exporter/internal/collectors/slzb_collector.go:180.64,182.88 1 0
github.com/d0ugal/slzb-exporter/internal/collectors/slzb_collector.go:182.88,185.6 2 0
github.com/d0ugal/slzb-exporter/internal/collectors/slzb_collector.go:186.10,188.5 1 0
github.com/d0ugal/slzb-exporter/internal/collectors/slzb_collector.go:191.4,191.64 1 0
github.com/d0ugal/slzb-exporter/internal/collectors/slzb_collector.go:191.64,193.5 1 0
github.com/d0ugal/slzb-exporter/internal/collectors/slzb_collector.go:195.4,199.56 4 0
github.com/d0ugal/slzb-exporter/internal/collectors/slzb_collector.go:199.56,200.79 1 0
github.com/d0ugal/slzb-exporter/internal/collectors/slzb_collector.go:200.79,204.6 3 0
github.com/d0ugal/slzb-exporter/internal/collectors/slzb_collector.go:207.4,207.56 1 0
github.com/d0ugal/slzb-exporter/internal/collectors/slzb_collector.go:207.56,208.79 1 0
github.com/d0ugal/slzb-exporter/internal/collectors/slzb_collector.go:208.79,212.6 3 0
github.com/d0ugal/slzb-exporter/internal/collectors/slzb_collector.go:216.4,216.54 1 0
github.com/d0ugal/slzb-exporter/internal/collectors/slzb_collector.go:216.54,220.5 3 0
github.com/d0ugal/slzb-exporter/internal/collectors/slzb_collector.go:223.4,231.92 8 0
github.com/d0ugal/slzb-exporter/internal/collectors/slzb_collector.go:231.92,235.54 2 0
github.com/d0ugal/slzb-exporter/internal/collectors/slzb_collector.go:235.54,237.6 1 0
github.com/d0ugal/slzb-exporter/internal/collectors/slzb_collector.go:238.5,238.57 1 0
github.com/d0ugal/slzb-exporter/internal/collectors/slzb_collector.go:238.57,240.6 1 0
github.com/d0ugal/slzb-exporter/internal/collectors/slzb_collector.go:241.5,241.60 1 0
github.com/d0ugal/slzb-exporter/internal/collectors/slzb_collector.go:241.60,243.6 1 0
github.com/d0ugal/slzb-exporter/internal/collectors/slzb_collector.go:244.5,244.61 1 0
github.com/d0ugal/slzb-exporter/internal/collectors/slzb_collector.go:244.61,246.6 1 0
github.com/d0ugal/slzb-exporter/internal/collectors/slzb_collector.go:248.5,248.60 1 0
github.com/d0ugal/slzb-exporter/internal/collectors/slzb_collector.go:248.60,250.6 1 0
github.com/d0ugal/slzb-exporter/internal/collectors/slzb_collector.go:252.5,252.52 1 0
github.com/d0ugal/slzb-exporter/internal/collectors/slzb_collector.go:252.52,253.70 1 0
github.com/d0ugal/slzb-exporter/internal/collectors/slzb_collector.go:253.70,255.7 1 0
github.com/d0ugal/slzb-exporter/internal/collectors/slzb_collector.go:260.4,260.20 1 0
github.com/d0ugal/slzb-exporter/internal/collectors/slzb_collector.go:260.20,264.5 3 0
github.com/d0ugal/slzb-exporter/internal/collectors/slzb_collector.go:264.10,268.5 3 0
github.com/d0ugal/slzb-exporter/internal/collectors/slzb_collector.go:270.4,270.99 1 0
github.com/d0ugal/slzb-exporter/internal/collectors/slzb_collector.go:272.8,278.3 4 0
github.com/d0ugal/slzb-exporter/internal/collectors/slzb_collector.go:280.2,280.13 1 0
github.com/d0ugal/slzb-exporter/internal/collectors/slzb_collector.go:284.62,287.21 2 17
github.com/d0ugal/slzb-exporter/internal/collectors/slzb_collector.go:287.21,290.3 2 1
github.com/d0ugal/slzb-exporter/internal/collectors/slzb_collector.go:292.2,293.21 2 16
github.com/d0ugal/slzb-exporter/internal/collectors/slzb_collector.go:293.21,296.3 2 2
github.com/d0ugal/slzb-exporter/internal/collectors/slzb_collector.go:299.2,299.21 1 14
github.com/d0ugal/slzb-exporter/internal/collectors/slzb_collector.go:299.21,302.3 2 1
github.com/d0ugal/slzb-exporter/internal/collectors/slzb_collector.go:305.2,306.16 2 13
github.com/d0ugal/slzb-exporter/internal/collectors/slzb_collector.go:306.16,309.3 2 1
github.com/d0ugal/slzb-exporter/internal/collectors/slzb_collector.go:310.2,310.14 1 12
github.com/d0ugal/slzb-exporter/internal/collectors/slzb_collector.go:310.14,313.3 2 0
github.com/d0ugal/slzb-exporter/internal/collectors/slzb_collector.go:316.2,317.25 2 12
github.com/d0ugal/slzb-exporter/internal/collectors/slzb_collector.go:317.25,320.3 2 2
github.com/d0ugal/slzb-exporter/internal/collectors/slzb_collector.go:323.2,324.16 2 10
github.com/d0ugal/slzb-exporter/internal/collectors/slzb_collector.go:324.16,327.3 2 1
github.com/d0ugal/slzb-exporter/internal/collectors/slzb_collector.go:328.2,328.29 1 9
github.com/d0ugal/slzb-exporter/internal/collectors/slzb_collector.go:328.29,331.3 2 1
github.com/d0ugal/slzb-exporter/internal/collectors/slzb_collector.go:334.2,335.16 2 8
github.com/d0ugal/slzb-exporter/internal/collectors/slzb_collector.go:335.16,338.3 2 0
github.com/d0ugal/slzb-exporter/internal/collectors/slzb_collector.go:339.2,339.33 1 8
github.com/d0ugal/slzb-exporter/internal/collectors/slzb_collector.go:339.33,342.3 2 0
github.com/d0ugal/slzb-exporter/internal/collectors/slzb_collector.go:345.2,346.16 2 8
github.com/d0ugal/slzb-exporter/internal/collectors/slzb_collector.go:346.16,349.3 2 0
github.com/d0ugal/slzb-exporter/internal/collectors/slzb_collector.go:350.2,350.33 1 8
github.com/d0ugal/slzb-exporter/internal/collectors/slzb_collector.go:350.33,353.3 2 0
github.com/d0ugal/slzb-exporter/internal/collectors/slzb_collector.go:355.2,357.21 3 8
github.com/d0ugal/slzb-exporter/internal/collectors/slzb_collector.go:361.70,364.20 2 19
github.com/d0ugal/slzb-exporter/internal/collectors/slzb_collector.go:364.20,367.3 2 1
github.com/d0ugal/slzb-exporter/internal/collectors/slzb_collector.go:369.2,370.21 2 18
github.com/d0ugal/slzb-exporter/internal/collectors/slzb_collector.go:370.21,373.3 2 2
github.com/d0ugal/slzb-exporter/internal/collectors/slzb_collector.go:376.2,377.16 2 16
github.com/d0ugal/slzb-exporter/internal/collectors/slzb_collector.go:377.16,380.3 2 1
github.com/d0ugal/slzb-exporter/internal/collectors/slzb_collector.go:381.2,381.15 1 15
github.com/d0ugal/slzb-exporter/internal/collectors/slzb_collector.go:381.15,384.3 2 1
github.com/d0ugal/slzb-exporter/internal/collectors/slzb_collector.go:387.2,388.14 2 14
github.com/d0ugal/slzb-exporter/internal/collectors/slzb_collector.go:389.24,390.15 1 7
github.com/d0ugal/slzb-exporter/internal/collectors/slzb_collector.go:391.24,392.22 1 4
github.com/d0ugal/slzb-exporter/internal/collectors/slzb_collector.go:393.24,394.22 1 2
github.com/d0ugal/slzb-exporter/internal/collectors/slzb_collector.go:395.10,397.15 2 1
github.com/d0ugal/slzb-exporter/internal/logging/logging.go:9.36,11.19 2 0
github.com/d0ugal/slzb-exporter/internal/logging/logging.go:12.15,13.26 1 0
github.com/d0ugal/slzb-exporter/internal/logging/logging.go:14.14,15.25 1 0
github.com/d0ugal/slzb-exporter/internal/logging/logging.go:16.14,17.25 1 0
github.com/d0ugal/slzb-exporter/internal/logging/logging.go:18.15,19.26 1 0
github.com/d0ugal/slzb-exporter/internal/logging/logging.go:20.10,21.25 1 0
github.com/d0ugal/slzb-exporter/internal/logging/logging.go:24.2,25.26 2 0
github.com/d0ugal/slzb-exporter/internal/logging/logging.go:25.26,29.3 1 0
github.com/d0ugal/slzb-exporter/internal/logging/logging.go:29.8,33.3 1 0
github.com/d0ugal/slzb-exporter/internal/logging/logging.go:35.2,35.36 1 0
github.com/d0ugal/slzb-exporter/internal/config/config.go:31.36,51.2 3 2
github.com/d0ugal/slzb-exporter/internal/config/config.go:54.31,56.64 1 2
github.com/d0ugal/slzb-exporter/internal/config/config.go:56.64,58.3 1 1
github.com/d0ugal/slzb-exporter/internal/config/config.go:59.2,59.70 1 2
github.com/d0ugal/slzb-exporter/internal/config/config.go:59.70,60.53 1 1
github.com/d0ugal/slzb-exporter/internal/config/config.go:60.53,62.4 1 1
github.com/d0ugal/slzb-exporter/internal/config/config.go:66.2,66.64 1 2
github.com/d0ugal/slzb-exporter/internal/config/config.go:66.64,68.3 1 1
github.com/d0ugal/slzb-exporter/internal/config/config.go:69.2,69.67 1 2
github.com/d0ugal/slzb-exporter/internal/config/config.go:69.67,71.3 1 1
github.com/d0ugal/slzb-exporter/internal/config/config.go:74.2,74.69 1 2
github.com/d0ugal/slzb-exporter/internal/config/config.go:74.69,76.3 1 1
github.com/d0ugal/slzb-exporter/internal/config/config.go:77.2,77.91 1 2
github.com/d0ugal/slzb-exporter/internal/config/config.go:77.91,78.67 1 1
github.com/d0ugal/slzb-exporter/internal/config/config.go:78.67,80.4 1 1
github.com/d0ugal/slzb-exporter/internal/logging/logging.go:9.36,11.19 2 0
github.com/d0ugal/slzb-exporter/internal/logging/logging.go:12.15,13.26 1 0
github.com/d0ugal/slzb-exporter/internal/logging/logging.go:14.14,15.25 1 0
github.com/d0ugal/slzb-exporter/internal/logging/logging.go:16.14,17.25 1 0
github.com/d0ugal/slzb-exporter/internal/logging/logging.go:18.15,19.26 1 0
github.com/d0ugal/slzb-exporter/internal/logging/logging.go:20.10,21.25 1 0
github.com/d0ugal/slzb-exporter/internal/logging/logging.go:24.2,25.26 2 0
github.com/d0ugal/slzb-exporter/internal/logging/logging.go:25.26,29.3 1 0
github.com/d0ugal/slzb-exporter/internal/logging/logging.go:29.8,33.3 1 0
github.com/d0ugal/slzb-exporter/internal/logging/logging.go:35.2,35.36 1 0
github.com/d0ugal/slzb-exporter/internal/metrics/metrics.go:37.30,175.2 1 3
